<?xml version="1.0" encoding="UTF-8" ?>
<testsuite failures="0" time="40.834" errors="0" skipped="0" tests="10" name="org.apache.flume.source.kafka.TestKafkaSource">
  <properties>
[...]
</properties>
  <testcase time="8.953" classname="org.apache.flume.source.kafka.TestKafkaSource" name="testProcessItNotEmpty"/>
  <testcase time="2.168" classname="org.apache.flume.source.kafka.TestKafkaSource" name="testProcessItNotEmptyBatch"/>
  <testcase time="2.361" classname="org.apache.flume.source.kafka.TestKafkaSource" name="testProcessItEmpty"/>
  <testcase time="2.347" classname="org.apache.flume.source.kafka.TestKafkaSource" name="testNonExistingTopic"/>
  <testcase time="5.758" classname="org.apache.flume.source.kafka.TestKafkaSource" name="testNonExistingZk"/>
  <testcase time="8.573" classname="org.apache.flume.source.kafka.TestKafkaSource" name="testBatchTime"/>
  <testcase time="4.174" classname="org.apache.flume.source.kafka.TestKafkaSource" name="testCommit"/>
  <testcase time="1.745" classname="org.apache.flume.source.kafka.TestKafkaSource" name="testNonCommit"/>
  <testcase time="2.409" classname="org.apache.flume.source.kafka.TestKafkaSource" name="testTwoBatches"/>
  <testcase time="2.346" classname="org.apache.flume.source.kafka.TestKafkaSource" name="testTwoBatchesWithAutocommit"/>
</testsuite>